<?xml version="1.0" encoding="UTF-8"?>
<!-- Generated by org.testng.reporters.JUnitXMLReporter -->
<testsuite ignored="0" hostname="INLEN8520040047" failures="1" tests="2" name="edge test" time="8.012" errors="0" timestamp="2023-11-21T16:34:13 IST">
  <testcase classname="Day18.ParamTest" name="testlogo" time="0.441">
    <failure type="java.lang.NoSuchMethodError" message="&amp;apos;void org.testng.Assert.assertEquals(java.lang.Boolean, boolean)&amp;apos;">
      <![CDATA[java.lang.NoSuchMethodError: 'void org.testng.Assert.assertEquals(java.lang.Boolean, boolean)'
at Day18.ParamTest.testlogo(ParamTest.java:45)
at java.base/java.util.ArrayList.forEach(ArrayList.java:1511)
... Removed 25 stack frames]]>
    </failure>
  </testcase> <!-- testlogo -->
  <testcase classname="Day18.ParamTest" name="testHomepageTitle" time="0.014"/>
</testsuite> <!-- edge test -->
